<?xml version="1.0" encoding="UTF-8"?>
<!-- Generated by org.testng.reporters.JUnitReportReporter -->
<testsuite skipped="0" hostname="DESKTOP-4ALDDK7" name="com.crm.comcast.contactTest.CreatecontactTest" tests="2" failures="0" timestamp="25 Jan 2022 12:08:53 GMT" time="61.394" errors="0">
  <testcase name="createContactAssignToGroupTest" time="25.610" classname="com.crm.comcast.contactTest.CreatecontactTest"/>
  <testcase name="createcontactTest" time="35.784" classname="com.crm.comcast.contactTest.CreatecontactTest"/>
</testsuite> <!-- com.crm.comcast.contactTest.CreatecontactTest -->
