<?xml version="1.0" encoding="UTF-8"?>
<!-- Generated by org.testng.reporters.JUnitReportReporter -->
<testsuite skipped="0" hostname="DESKTOP-4ALDDK7" name="com.crm.comcast.orgTest.Unittest" tests="1" failures="0" timestamp="13 Jan 2022 05:22:55 GMT" time="0.418" errors="0">
  <testcase name="Unit" time="0.418" classname="com.crm.comcast.orgTest.Unittest"/>
</testsuite> <!-- com.crm.comcast.orgTest.Unittest -->
