<?xml version="1.0" encoding="UTF-8"?>
<!-- Generated by org.testng.reporters.JUnitReportReporter -->
<testsuite skipped="0" hostname="DESKTOP-4ALDDK7" name="practice.AddTocartTest" tests="3" failures="0" timestamp="20 Jan 2022 09:18:33 GMT" time="0.031" errors="0">
  <testcase name="addtocart" time="0.016" classname="practice.AddTocartTest"/>
  <testcase name="addtocart" time="0.000" classname="practice.AddTocartTest"/>
  <testcase name="addtocart" time="0.015" classname="practice.AddTocartTest"/>
</testsuite> <!-- practice.AddTocartTest -->
