<?xml version="1.0" encoding="UTF-8"?>
<!-- Generated by org.testng.reporters.JUnitReportReporter -->
<testsuite skipped="0" hostname="DESKTOP-4ALDDK7" name="Practice2.SampleSc" tests="1" failures="0" timestamp="23 Jan 2022 14:56:42 GMT" time="7.204" errors="0">
  <testcase name="abc" time="7.204" classname="Practice2.SampleSc"/>
</testsuite> <!-- Practice2.SampleSc -->
